<?xml version="1.0" encoding="UTF-8"?>
<testng-results ignored="0" total="1" passed="1" failed="0" skipped="0">
  <reporter-output>
  </reporter-output>
  <suite started-at="2024-10-08T02:46:36 EDT" name="Default suite" finished-at="2024-10-08T02:46:42 EDT" duration-ms="5359">
    <groups>
    </groups>
    <test started-at="2024-10-08T02:46:36 EDT" name="Default test" finished-at="2024-10-08T02:46:42 EDT" duration-ms="5359">
      <class name="org.sample.RestfulBooker.DeleteBooking">
        <test-method signature="Deletebook()[pri:0, instance:org.sample.RestfulBooker.DeleteBooking@36d585c]" started-at="2024-10-08T02:46:36 EDT" name="Deletebook" finished-at="2024-10-08T02:46:42 EDT" duration-ms="5306" status="PASS">
          <reporter-output>
          </reporter-output>
        </test-method> <!-- Deletebook -->
      </class> <!-- org.sample.RestfulBooker.DeleteBooking -->
    </test> <!-- Default test -->
  </suite> <!-- Default suite -->
</testng-results>
